0 info it worked if it ends with ok
1 verbose cli [ 'E:\\软件\\node\\node.exe',
1 verbose cli   'E:\\软件\\node\\node_modules\\npm\\bin\\npm-cli.js',
1 verbose cli   'install',
1 verbose cli   '--save-dev',
1 verbose cli   'mongobd' ]
2 info using npm@2.15.1
3 info using node@v4.4.4
4 verbose install initial load of F:\peixun\package.json
5 verbose installManyTop reading scoped package data from F:\peixun\node_modules\body-parser\package.json
6 verbose installManyTop reading scoped package data from F:\peixun\node_modules\bootstrap\package.json
7 verbose installManyTop reading scoped package data from F:\peixun\node_modules\cookie-parser\package.json
8 verbose installManyTop reading scoped package data from F:\peixun\node_modules\express\package.json
9 verbose installManyTop reading scoped package data from F:\peixun\node_modules\jade\package.json
10 verbose installManyTop reading scoped package data from F:\peixun\node_modules\path\package.json
11 info package.json path@0.12.7 path is also the name of a node core module.
12 verbose readDependencies loading dependencies from F:\peixun\package.json
13 silly cache add args [ 'mongobd', null ]
14 verbose cache add spec mongobd
15 silly cache add parsed spec Result {
15 silly cache add   raw: 'mongobd',
15 silly cache add   scope: null,
15 silly cache add   name: 'mongobd',
15 silly cache add   rawSpec: '',
15 silly cache add   spec: 'latest',
15 silly cache add   type: 'tag' }
16 silly addNamed mongobd@latest
17 verbose addNamed "latest" is being treated as a dist-tag for mongobd
18 info addNameTag [ 'mongobd', 'latest' ]
19 silly mapToRegistry name mongobd
20 silly mapToRegistry using default registry
21 silly mapToRegistry registry https://registry.npmjs.org/
22 silly mapToRegistry data Result {
22 silly mapToRegistry   raw: 'mongobd',
22 silly mapToRegistry   scope: null,
22 silly mapToRegistry   name: 'mongobd',
22 silly mapToRegistry   rawSpec: '',
22 silly mapToRegistry   spec: 'latest',
22 silly mapToRegistry   type: 'tag' }
23 silly mapToRegistry uri https://registry.npmjs.org/mongobd
24 verbose addNameTag registry:https://registry.npmjs.org/mongobd not in flight; fetching
25 verbose request uri https://registry.npmjs.org/mongobd
26 verbose request no auth needed
27 info attempt registry request try #1 at 09:48:34
28 verbose request id 350dc57b05f28608
29 http request GET https://registry.npmjs.org/mongobd
30 http 404 https://registry.npmjs.org/mongobd
31 verbose headers { 'content-type': 'application/json',
31 verbose headers   'cache-control': 'max-age=0',
31 verbose headers   'content-length': '2',
31 verbose headers   'accept-ranges': 'bytes',
31 verbose headers   date: 'Fri, 19 Aug 2016 01:48:44 GMT',
31 verbose headers   via: '1.1 varnish',
31 verbose headers   age: '0',
31 verbose headers   connection: 'keep-alive',
31 verbose headers   'x-served-by': 'cache-itm7420-ITM',
31 verbose headers   'x-cache': 'MISS',
31 verbose headers   'x-cache-hits': '0',
31 verbose headers   'x-timer': 'S1471571323.842199,VS0,VE161',
31 verbose headers   vary: 'Accept-Encoding' }
32 silly get cb [ 404,
32 silly get   { 'content-type': 'application/json',
32 silly get     'cache-control': 'max-age=0',
32 silly get     'content-length': '2',
32 silly get     'accept-ranges': 'bytes',
32 silly get     date: 'Fri, 19 Aug 2016 01:48:44 GMT',
32 silly get     via: '1.1 varnish',
32 silly get     age: '0',
32 silly get     connection: 'keep-alive',
32 silly get     'x-served-by': 'cache-itm7420-ITM',
32 silly get     'x-cache': 'MISS',
32 silly get     'x-cache-hits': '0',
32 silly get     'x-timer': 'S1471571323.842199,VS0,VE161',
32 silly get     vary: 'Accept-Encoding' } ]
33 verbose stack Error: Registry returned 404 for GET on https://registry.npmjs.org/mongobd
33 verbose stack     at makeError (E:\软件\node\node_modules\npm\node_modules\npm-registry-client\lib\request.js:264:12)
33 verbose stack     at CachingRegistryClient.<anonymous> (E:\软件\node\node_modules\npm\node_modules\npm-registry-client\lib\request.js:242:14)
33 verbose stack     at Request._callback (E:\软件\node\node_modules\npm\node_modules\npm-registry-client\lib\request.js:172:14)
33 verbose stack     at Request.self.callback (E:\软件\node\node_modules\npm\node_modules\request\request.js:199:22)
33 verbose stack     at emitTwo (events.js:87:13)
33 verbose stack     at Request.emit (events.js:172:7)
33 verbose stack     at Request.<anonymous> (E:\软件\node\node_modules\npm\node_modules\request\request.js:1036:10)
33 verbose stack     at emitOne (events.js:82:20)
33 verbose stack     at Request.emit (events.js:169:7)
33 verbose stack     at IncomingMessage.<anonymous> (E:\软件\node\node_modules\npm\node_modules\request\request.js:963:12)
34 verbose statusCode 404
35 verbose pkgid mongobd
36 verbose cwd F:\peixun\8-19
37 error Windows_NT 6.2.9200
38 error argv "E:\\软件\\node\\node.exe" "E:\\软件\\node\\node_modules\\npm\\bin\\npm-cli.js" "install" "--save-dev" "mongobd"
39 error node v4.4.4
40 error npm  v2.15.1
41 error code E404
42 error 404 Registry returned 404 for GET on https://registry.npmjs.org/mongobd
42 error 404
42 error 404 'mongobd' is not in the npm registry.
42 error 404 You should bug the author to publish it (or use the name yourself!)
42 error 404
42 error 404 Note that you can also install from a
42 error 404 tarball, folder, http url, or git url.
43 verbose exit [ 1, true ]
